{"C:\\Users\\Weeraprawat Saprong\\OneDrive\\Desktop\\project\\app.js": {"path":"C:\\Users\\Weeraprawat Saprong\\OneDrive\\Desktop\\project\\app.js","statementMap":{"0":{"start":{"line":1,"column":0},"end":{"line":1,"column":27}},"1":{"start":{"line":3,"column":16},"end":{"line":3,"column":34}},"2":{"start":{"line":5,"column":15},"end":{"line":5,"column":45}},"3":{"start":{"line":6,"column":21},"end":{"line":6,"column":57}},"4":{"start":{"line":7,"column":19},"end":{"line":7,"column":49}},"5":{"start":{"line":8,"column":20},"end":{"line":8,"column":51}},"6":{"start":{"line":9,"column":13},"end":{"line":9,"column":28}},"7":{"start":{"line":10,"column":18},"end":{"line":10,"column":47}},"8":{"start":{"line":11,"column":20},"end":{"line":11,"column":47}},"9":{"start":{"line":13,"column":12},"end":{"line":13,"column":21}},"10":{"start":{"line":17,"column":0},"end":{"line":17,"column":24}},"11":{"start":{"line":18,"column":0},"end":{"line":18,"column":16}},"12":{"start":{"line":20,"column":20},"end":{"line":20,"column":51}},"13":{"start":{"line":21,"column":0},"end":{"line":21,"column":31}},"14":{"start":{"line":23,"column":22},"end":{"line":23,"column":50}},"15":{"start":{"line":24,"column":0},"end":{"line":24,"column":36}},"16":{"start":{"line":25,"column":0},"end":{"line":25,"column":29}},"17":{"start":{"line":26,"column":0},"end":{"line":26,"column":32}},"18":{"start":{"line":27,"column":0},"end":{"line":27,"column":69}},"19":{"start":{"line":29,"column":23},"end":{"line":29,"column":57}},"20":{"start":{"line":30,"column":0},"end":{"line":30,"column":39}},"21":{"start":{"line":32,"column":21},"end":{"line":32,"column":53}},"22":{"start":{"line":33,"column":0},"end":{"line":33,"column":34}},"23":{"start":{"line":35,"column":0},"end":{"line":35,"column":68}},"24":{"start":{"line":37,"column":0},"end":{"line":41,"column":3}},"25":{"start":{"line":38,"column":2},"end":{"line":38,"column":18}},"26":{"start":{"line":40,"column":2},"end":{"line":40,"column":37}},"27":{"start":{"line":43,"column":0},"end":{"line":43,"column":22}},"28":{"start":{"line":47,"column":0},"end":{"line":47,"column":21}}},"fnMap":{"0":{"name":"(anonymous_0)","decl":{"start":{"line":37,"column":8},"end":{"line":37,"column":9}},"loc":{"start":{"line":37,"column":22},"end":{"line":41,"column":1}},"line":37}},"branchMap":{},"s":{"0":2,"1":2,"2":2,"3":2,"4":2,"5":2,"6":2,"7":2,"8":2,"9":2,"10":2,"11":2,"12":2,"13":2,"14":2,"15":2,"16":2,"17":2,"18":2,"19":2,"20":2,"21":2,"22":2,"23":2,"24":2,"25":0,"26":0,"27":2,"28":2},"f":{"0":0},"b":{},"_coverageSchema":"1a1c01bbd47fc00a2c39e90264f33305004495a9","hash":"effc39d88f8a6a617521470fe29fd2b3409824ea"}
,"C:\\Users\\Weeraprawat Saprong\\OneDrive\\Desktop\\project\\config\\db.js": {"path":"C:\\Users\\Weeraprawat Saprong\\OneDrive\\Desktop\\project\\config\\db.js","statementMap":{"0":{"start":{"line":1,"column":17},"end":{"line":1,"column":36}},"1":{"start":{"line":3,"column":18},"end":{"line":13,"column":1}},"2":{"start":{"line":4,"column":2},"end":{"line":12,"column":3}},"3":{"start":{"line":5,"column":4},"end":{"line":5,"column":50}},"4":{"start":{"line":7,"column":4},"end":{"line":7,"column":37}},"5":{"start":{"line":9,"column":4},"end":{"line":9,"column":23}},"6":{"start":{"line":11,"column":4},"end":{"line":11,"column":20}},"7":{"start":{"line":15,"column":0},"end":{"line":15,"column":27}}},"fnMap":{"0":{"name":"(anonymous_0)","decl":{"start":{"line":3,"column":18},"end":{"line":3,"column":19}},"loc":{"start":{"line":3,"column":30},"end":{"line":13,"column":1}},"line":3}},"branchMap":{},"s":{"0":1,"1":1,"2":1,"3":1,"4":1,"5":0,"6":0,"7":1},"f":{"0":1},"b":{},"_coverageSchema":"1a1c01bbd47fc00a2c39e90264f33305004495a9","hash":"0d1120425b6957b37baeffe241339d154d30f042"}
,"C:\\Users\\Weeraprawat Saprong\\OneDrive\\Desktop\\project\\config\\swagger.js": {"path":"C:\\Users\\Weeraprawat Saprong\\OneDrive\\Desktop\\project\\config\\swagger.js","statementMap":{"0":{"start":{"line":1,"column":21},"end":{"line":1,"column":45}},"1":{"start":{"line":3,"column":16},"end":{"line":37,"column":1}},"2":{"start":{"line":39,"column":14},"end":{"line":39,"column":35}},"3":{"start":{"line":41,"column":0},"end":{"line":41,"column":23}}},"fnMap":{},"branchMap":{},"s":{"0":2,"1":2,"2":2,"3":2},"f":{},"b":{},"_coverageSchema":"1a1c01bbd47fc00a2c39e90264f33305004495a9","hash":"5f2089e7261a9dba3f887a2def239d10ac0645ce"}
,"C:\\Users\\Weeraprawat Saprong\\OneDrive\\Desktop\\project\\controllers\\adminController.js": {"path":"C:\\Users\\Weeraprawat Saprong\\OneDrive\\Desktop\\project\\controllers\\adminController.js","statementMap":{"0":{"start":{"line":1,"column":13},"end":{"line":1,"column":38}},"1":{"start":{"line":2,"column":16},"end":{"line":2,"column":44}},"2":{"start":{"line":3,"column":14},"end":{"line":3,"column":40}},"3":{"start":{"line":5,"column":21},"end":{"line":5,"column":53}},"4":{"start":{"line":7,"column":17},"end":{"line":24,"column":2}},"5":{"start":{"line":8,"column":16},"end":{"line":8,"column":43}},"6":{"start":{"line":10,"column":19},"end":{"line":10,"column":49}},"7":{"start":{"line":12,"column":17},"end":{"line":12,"column":45}},"8":{"start":{"line":14,"column":20},"end":{"line":14,"column":38}},"9":{"start":{"line":16,"column":18},"end":{"line":16,"column":77}},"10":{"start":{"line":16,"column":51},"end":{"line":16,"column":73}},"11":{"start":{"line":18,"column":2},"end":{"line":23,"column":5}},"12":{"start":{"line":26,"column":0},"end":{"line":28,"column":2}}},"fnMap":{"0":{"name":"(anonymous_0)","decl":{"start":{"line":7,"column":30},"end":{"line":7,"column":31}},"loc":{"start":{"line":7,"column":50},"end":{"line":24,"column":1}},"line":7},"1":{"name":"(anonymous_1)","decl":{"start":{"line":16,"column":35},"end":{"line":16,"column":36}},"loc":{"start":{"line":16,"column":51},"end":{"line":16,"column":73}},"line":16}},"branchMap":{},"s":{"0":2,"1":2,"2":2,"3":2,"4":2,"5":0,"6":0,"7":0,"8":0,"9":0,"10":0,"11":0,"12":2},"f":{"0":0,"1":0},"b":{},"_coverageSchema":"1a1c01bbd47fc00a2c39e90264f33305004495a9","hash":"02dedc8559e61573a4231abfbdb13aa169fd09ba"}
,"C:\\Users\\Weeraprawat Saprong\\OneDrive\\Desktop\\project\\controllers\\authController.js": {"path":"C:\\Users\\Weeraprawat Saprong\\OneDrive\\Desktop\\project\\controllers\\authController.js","statementMap":{"0":{"start":{"line":1,"column":13},"end":{"line":1,"column":38}},"1":{"start":{"line":2,"column":15},"end":{"line":2,"column":34}},"2":{"start":{"line":3,"column":21},"end":{"line":3,"column":53}},"3":{"start":{"line":4,"column":12},"end":{"line":4,"column":35}},"4":{"start":{"line":5,"column":15},"end":{"line":5,"column":32}},"5":{"start":{"line":7,"column":17},"end":{"line":33,"column":2}},"6":{"start":{"line":8,"column":36},"end":{"line":8,"column":44}},"7":{"start":{"line":10,"column":25},"end":{"line":10,"column":56}},"8":{"start":{"line":12,"column":23},"end":{"line":14,"column":4}},"9":{"start":{"line":16,"column":2},"end":{"line":20,"column":3}},"10":{"start":{"line":17,"column":4},"end":{"line":17,"column":20}},"11":{"start":{"line":19,"column":4},"end":{"line":19,"column":44}},"12":{"start":{"line":22,"column":15},"end":{"line":26,"column":4}},"13":{"start":{"line":28,"column":2},"end":{"line":32,"column":5}},"14":{"start":{"line":35,"column":14},"end":{"line":81,"column":2}},"15":{"start":{"line":36,"column":30},"end":{"line":36,"column":38}},"16":{"start":{"line":37,"column":15},"end":{"line":39,"column":4}},"17":{"start":{"line":41,"column":2},"end":{"line":45,"column":3}},"18":{"start":{"line":42,"column":4},"end":{"line":44,"column":7}},"19":{"start":{"line":47,"column":18},"end":{"line":47,"column":63}},"20":{"start":{"line":48,"column":2},"end":{"line":52,"column":3}},"21":{"start":{"line":49,"column":4},"end":{"line":51,"column":7}},"22":{"start":{"line":53,"column":16},"end":{"line":61,"column":3}},"23":{"start":{"line":63,"column":23},"end":{"line":71,"column":3}},"24":{"start":{"line":73,"column":2},"end":{"line":73,"column":35}},"25":{"start":{"line":75,"column":2},"end":{"line":75,"column":20}},"26":{"start":{"line":77,"column":2},"end":{"line":80,"column":5}},"27":{"start":{"line":83,"column":19},"end":{"line":85,"column":1}},"28":{"start":{"line":84,"column":2},"end":{"line":84,"column":21}},"29":{"start":{"line":87,"column":17},"end":{"line":91,"column":2}},"30":{"start":{"line":88,"column":16},"end":{"line":88,"column":53}},"31":{"start":{"line":90,"column":2},"end":{"line":90,"column":30}},"32":{"start":{"line":93,"column":20},"end":{"line":103,"column":2}},"33":{"start":{"line":94,"column":15},"end":{"line":94,"column":69}},"34":{"start":{"line":96,"column":2},"end":{"line":100,"column":3}},"35":{"start":{"line":97,"column":4},"end":{"line":97,"column":20}},"36":{"start":{"line":99,"column":4},"end":{"line":99,"column":38}},"37":{"start":{"line":102,"column":2},"end":{"line":102,"column":17}},"38":{"start":{"line":105,"column":23},"end":{"line":123,"column":2}},"39":{"start":{"line":106,"column":15},"end":{"line":114,"column":23}},"40":{"start":{"line":116,"column":2},"end":{"line":120,"column":3}},"41":{"start":{"line":117,"column":4},"end":{"line":117,"column":20}},"42":{"start":{"line":119,"column":4},"end":{"line":119,"column":38}},"43":{"start":{"line":122,"column":2},"end":{"line":122,"column":17}},"44":{"start":{"line":125,"column":23},"end":{"line":149,"column":2}},"45":{"start":{"line":126,"column":15},"end":{"line":128,"column":4}},"46":{"start":{"line":130,"column":2},"end":{"line":134,"column":3}},"47":{"start":{"line":131,"column":4},"end":{"line":131,"column":20}},"48":{"start":{"line":133,"column":4},"end":{"line":133,"column":38}},"49":{"start":{"line":136,"column":21},"end":{"line":136,"column":59}},"50":{"start":{"line":138,"column":2},"end":{"line":138,"column":39}},"51":{"start":{"line":140,"column":2},"end":{"line":140,"column":57}},"52":{"start":{"line":142,"column":2},"end":{"line":142,"column":20}},"53":{"start":{"line":144,"column":2},"end":{"line":148,"column":5}},"54":{"start":{"line":151,"column":22},"end":{"line":179,"column":2}},"55":{"start":{"line":152,"column":15},"end":{"line":158,"column":4}},"56":{"start":{"line":160,"column":2},"end":{"line":164,"column":3}},"57":{"start":{"line":161,"column":4},"end":{"line":161,"column":20}},"58":{"start":{"line":163,"column":4},"end":{"line":163,"column":37}},"59":{"start":{"line":166,"column":25},"end":{"line":166,"column":65}},"60":{"start":{"line":168,"column":2},"end":{"line":168,"column":33}},"61":{"start":{"line":170,"column":2},"end":{"line":170,"column":38}},"62":{"start":{"line":172,"column":2},"end":{"line":172,"column":39}},"63":{"start":{"line":174,"column":2},"end":{"line":174,"column":20}},"64":{"start":{"line":176,"column":2},"end":{"line":178,"column":5}},"65":{"start":{"line":181,"column":27},"end":{"line":215,"column":2}},"66":{"start":{"line":182,"column":27},"end":{"line":182,"column":35}},"67":{"start":{"line":184,"column":2},"end":{"line":188,"column":3}},"68":{"start":{"line":185,"column":4},"end":{"line":185,"column":20}},"69":{"start":{"line":187,"column":4},"end":{"line":187,"column":40}},"70":{"start":{"line":190,"column":15},"end":{"line":192,"column":4}},"71":{"start":{"line":194,"column":2},"end":{"line":198,"column":3}},"72":{"start":{"line":195,"column":4},"end":{"line":195,"column":20}},"73":{"start":{"line":197,"column":4},"end":{"line":197,"column":45}},"74":{"start":{"line":200,"column":18},"end":{"line":200,"column":74}},"75":{"start":{"line":202,"column":22},"end":{"line":210,"column":3}},"76":{"start":{"line":212,"column":2},"end":{"line":214,"column":5}},"77":{"start":{"line":217,"column":15},"end":{"line":233,"column":2}},"78":{"start":{"line":218,"column":15},"end":{"line":218,"column":48}},"79":{"start":{"line":220,"column":2},"end":{"line":224,"column":3}},"80":{"start":{"line":221,"column":4},"end":{"line":221,"column":20}},"81":{"start":{"line":223,"column":4},"end":{"line":223,"column":38}},"82":{"start":{"line":226,"column":2},"end":{"line":226,"column":27}},"83":{"start":{"line":228,"column":2},"end":{"line":228,"column":20}},"84":{"start":{"line":230,"column":2},"end":{"line":232,"column":5}},"85":{"start":{"line":235,"column":0},"end":{"line":246,"column":2}}},"fnMap":{"0":{"name":"(anonymous_0)","decl":{"start":{"line":7,"column":30},"end":{"line":7,"column":31}},"loc":{"start":{"line":7,"column":50},"end":{"line":33,"column":1}},"line":7},"1":{"name":"(anonymous_1)","decl":{"start":{"line":35,"column":27},"end":{"line":35,"column":28}},"loc":{"start":{"line":35,"column":47},"end":{"line":81,"column":1}},"line":35},"2":{"name":"(anonymous_2)","decl":{"start":{"line":83,"column":19},"end":{"line":83,"column":20}},"loc":{"start":{"line":83,"column":33},"end":{"line":85,"column":1}},"line":83},"3":{"name":"(anonymous_3)","decl":{"start":{"line":87,"column":30},"end":{"line":87,"column":31}},"loc":{"start":{"line":87,"column":50},"end":{"line":91,"column":1}},"line":87},"4":{"name":"(anonymous_4)","decl":{"start":{"line":93,"column":33},"end":{"line":93,"column":34}},"loc":{"start":{"line":93,"column":53},"end":{"line":103,"column":1}},"line":93},"5":{"name":"(anonymous_5)","decl":{"start":{"line":105,"column":36},"end":{"line":105,"column":37}},"loc":{"start":{"line":105,"column":56},"end":{"line":123,"column":1}},"line":105},"6":{"name":"(anonymous_6)","decl":{"start":{"line":125,"column":36},"end":{"line":125,"column":37}},"loc":{"start":{"line":125,"column":56},"end":{"line":149,"column":1}},"line":125},"7":{"name":"(anonymous_7)","decl":{"start":{"line":151,"column":35},"end":{"line":151,"column":36}},"loc":{"start":{"line":151,"column":55},"end":{"line":179,"column":1}},"line":151},"8":{"name":"(anonymous_8)","decl":{"start":{"line":181,"column":40},"end":{"line":181,"column":41}},"loc":{"start":{"line":181,"column":60},"end":{"line":215,"column":1}},"line":181},"9":{"name":"(anonymous_9)","decl":{"start":{"line":217,"column":28},"end":{"line":217,"column":29}},"loc":{"start":{"line":217,"column":48},"end":{"line":233,"column":1}},"line":217}},"branchMap":{"0":{"loc":{"start":{"line":16,"column":2},"end":{"line":20,"column":3}},"type":"if","locations":[{"start":{"line":16,"column":2},"end":{"line":20,"column":3}},{"start":{},"end":{}}],"line":16},"1":{"loc":{"start":{"line":41,"column":2},"end":{"line":45,"column":3}},"type":"if","locations":[{"start":{"line":41,"column":2},"end":{"line":45,"column":3}},{"start":{},"end":{}}],"line":41},"2":{"loc":{"start":{"line":48,"column":2},"end":{"line":52,"column":3}},"type":"if","locations":[{"start":{"line":48,"column":2},"end":{"line":52,"column":3}},{"start":{},"end":{}}],"line":48},"3":{"loc":{"start":{"line":96,"column":2},"end":{"line":100,"column":3}},"type":"if","locations":[{"start":{"line":96,"column":2},"end":{"line":100,"column":3}},{"start":{},"end":{}}],"line":96},"4":{"loc":{"start":{"line":116,"column":2},"end":{"line":120,"column":3}},"type":"if","locations":[{"start":{"line":116,"column":2},"end":{"line":120,"column":3}},{"start":{},"end":{}}],"line":116},"5":{"loc":{"start":{"line":130,"column":2},"end":{"line":134,"column":3}},"type":"if","locations":[{"start":{"line":130,"column":2},"end":{"line":134,"column":3}},{"start":{},"end":{}}],"line":130},"6":{"loc":{"start":{"line":160,"column":2},"end":{"line":164,"column":3}},"type":"if","locations":[{"start":{"line":160,"column":2},"end":{"line":164,"column":3}},{"start":{},"end":{}}],"line":160},"7":{"loc":{"start":{"line":184,"column":2},"end":{"line":188,"column":3}},"type":"if","locations":[{"start":{"line":184,"column":2},"end":{"line":188,"column":3}},{"start":{},"end":{}}],"line":184},"8":{"loc":{"start":{"line":194,"column":2},"end":{"line":198,"column":3}},"type":"if","locations":[{"start":{"line":194,"column":2},"end":{"line":198,"column":3}},{"start":{},"end":{}}],"line":194},"9":{"loc":{"start":{"line":220,"column":2},"end":{"line":224,"column":3}},"type":"if","locations":[{"start":{"line":220,"column":2},"end":{"line":224,"column":3}},{"start":{},"end":{}}],"line":220}},"s":{"0":2,"1":2,"2":2,"3":2,"4":2,"5":2,"6":2,"7":2,"8":2,"9":2,"10":1,"11":1,"12":1,"13":1,"14":2,"15":12,"16":12,"17":12,"18":3,"19":9,"20":9,"21":1,"22":8,"23":8,"24":8,"25":8,"26":8,"27":2,"28":0,"29":2,"30":0,"31":0,"32":2,"33":0,"34":0,"35":0,"36":0,"37":0,"38":2,"39":0,"40":0,"41":0,"42":0,"43":0,"44":2,"45":0,"46":0,"47":0,"48":0,"49":0,"50":0,"51":0,"52":0,"53":0,"54":2,"55":0,"56":0,"57":0,"58":0,"59":0,"60":0,"61":0,"62":0,"63":0,"64":0,"65":2,"66":0,"67":0,"68":0,"69":0,"70":0,"71":0,"72":0,"73":0,"74":0,"75":0,"76":0,"77":2,"78":0,"79":0,"80":0,"81":0,"82":0,"83":0,"84":0,"85":2},"f":{"0":2,"1":12,"2":0,"3":0,"4":0,"5":0,"6":0,"7":0,"8":0,"9":0},"b":{"0":[1,1],"1":[3,9],"2":[1,8],"3":[0,0],"4":[0,0],"5":[0,0],"6":[0,0],"7":[0,0],"8":[0,0],"9":[0,0]},"_coverageSchema":"1a1c01bbd47fc00a2c39e90264f33305004495a9","hash":"3f6f759bfda70f3c3c8ed7275341f458793c337a"}
,"C:\\Users\\Weeraprawat Saprong\\OneDrive\\Desktop\\project\\controllers\\categoryController.js": {"path":"C:\\Users\\Weeraprawat Saprong\\OneDrive\\Desktop\\project\\controllers\\categoryController.js","statementMap":{"0":{"start":{"line":1,"column":17},"end":{"line":1,"column":46}},"1":{"start":{"line":2,"column":21},"end":{"line":2,"column":53}},"2":{"start":{"line":4,"column":23},"end":{"line":10,"column":2}},"3":{"start":{"line":5,"column":19},"end":{"line":7,"column":4}},"4":{"start":{"line":9,"column":2},"end":{"line":9,"column":33}},"5":{"start":{"line":12,"column":22},"end":{"line":16,"column":2}},"6":{"start":{"line":13,"column":21},"end":{"line":13,"column":42}},"7":{"start":{"line":15,"column":2},"end":{"line":15,"column":23}},"8":{"start":{"line":18,"column":0},"end":{"line":21,"column":2}}},"fnMap":{"0":{"name":"(anonymous_0)","decl":{"start":{"line":4,"column":36},"end":{"line":4,"column":37}},"loc":{"start":{"line":4,"column":56},"end":{"line":10,"column":1}},"line":4},"1":{"name":"(anonymous_1)","decl":{"start":{"line":12,"column":35},"end":{"line":12,"column":36}},"loc":{"start":{"line":12,"column":55},"end":{"line":16,"column":1}},"line":12}},"branchMap":{},"s":{"0":2,"1":2,"2":2,"3":0,"4":0,"5":2,"6":0,"7":0,"8":2},"f":{"0":0,"1":0},"b":{},"_coverageSchema":"1a1c01bbd47fc00a2c39e90264f33305004495a9","hash":"64483183a5bc1a4d66f9ce33c5440821b609a509"}
,"C:\\Users\\Weeraprawat Saprong\\OneDrive\\Desktop\\project\\controllers\\orderController.js": {"path":"C:\\Users\\Weeraprawat Saprong\\OneDrive\\Desktop\\project\\controllers\\orderController.js","statementMap":{"0":{"start":{"line":1,"column":14},"end":{"line":1,"column":40}},"1":{"start":{"line":2,"column":16},"end":{"line":2,"column":44}},"2":{"start":{"line":3,"column":21},"end":{"line":3,"column":53}},"3":{"start":{"line":5,"column":20},"end":{"line":38,"column":2}},"4":{"start":{"line":6,"column":32},"end":{"line":6,"column":40}},"5":{"start":{"line":8,"column":2},"end":{"line":12,"column":3}},"6":{"start":{"line":9,"column":4},"end":{"line":9,"column":20}},"7":{"start":{"line":11,"column":4},"end":{"line":11,"column":43}},"8":{"start":{"line":14,"column":2},"end":{"line":18,"column":3}},"9":{"start":{"line":15,"column":4},"end":{"line":15,"column":20}},"10":{"start":{"line":17,"column":4},"end":{"line":17,"column":55}},"11":{"start":{"line":20,"column":23},"end":{"line":20,"column":54}},"12":{"start":{"line":22,"column":2},"end":{"line":26,"column":3}},"13":{"start":{"line":23,"column":4},"end":{"line":23,"column":20}},"14":{"start":{"line":25,"column":4},"end":{"line":25,"column":41}},"15":{"start":{"line":28,"column":21},"end":{"line":28,"column":50}},"16":{"start":{"line":30,"column":16},"end":{"line":35,"column":4}},"17":{"start":{"line":37,"column":2},"end":{"line":37,"column":30}},"18":{"start":{"line":40,"column":20},"end":{"line":48,"column":2}},"19":{"start":{"line":41,"column":17},"end":{"line":45,"column":35}},"20":{"start":{"line":47,"column":2},"end":{"line":47,"column":31}},"21":{"start":{"line":50,"column":26},"end":{"line":69,"column":2}},"22":{"start":{"line":51,"column":16},"end":{"line":60,"column":3}},"23":{"start":{"line":62,"column":2},"end":{"line":66,"column":3}},"24":{"start":{"line":63,"column":4},"end":{"line":63,"column":20}},"25":{"start":{"line":65,"column":4},"end":{"line":65,"column":39}},"26":{"start":{"line":68,"column":2},"end":{"line":68,"column":18}},"27":{"start":{"line":71,"column":21},"end":{"line":77,"column":2}},"28":{"start":{"line":72,"column":17},"end":{"line":74,"column":38}},"29":{"start":{"line":76,"column":2},"end":{"line":76,"column":31}},"30":{"start":{"line":79,"column":21},"end":{"line":91,"column":2}},"31":{"start":{"line":80,"column":16},"end":{"line":82,"column":38}},"32":{"start":{"line":84,"column":2},"end":{"line":88,"column":3}},"33":{"start":{"line":85,"column":4},"end":{"line":85,"column":20}},"34":{"start":{"line":87,"column":4},"end":{"line":87,"column":39}},"35":{"start":{"line":90,"column":2},"end":{"line":90,"column":18}},"36":{"start":{"line":93,"column":0},"end":{"line":99,"column":2}}},"fnMap":{"0":{"name":"(anonymous_0)","decl":{"start":{"line":5,"column":33},"end":{"line":5,"column":34}},"loc":{"start":{"line":5,"column":53},"end":{"line":38,"column":1}},"line":5},"1":{"name":"(anonymous_1)","decl":{"start":{"line":40,"column":33},"end":{"line":40,"column":34}},"loc":{"start":{"line":40,"column":53},"end":{"line":48,"column":1}},"line":40},"2":{"name":"(anonymous_2)","decl":{"start":{"line":50,"column":39},"end":{"line":50,"column":40}},"loc":{"start":{"line":50,"column":59},"end":{"line":69,"column":1}},"line":50},"3":{"name":"(anonymous_3)","decl":{"start":{"line":71,"column":34},"end":{"line":71,"column":35}},"loc":{"start":{"line":71,"column":54},"end":{"line":77,"column":1}},"line":71},"4":{"name":"(anonymous_4)","decl":{"start":{"line":79,"column":34},"end":{"line":79,"column":35}},"loc":{"start":{"line":79,"column":54},"end":{"line":91,"column":1}},"line":79}},"branchMap":{"0":{"loc":{"start":{"line":8,"column":2},"end":{"line":12,"column":3}},"type":"if","locations":[{"start":{"line":8,"column":2},"end":{"line":12,"column":3}},{"start":{},"end":{}}],"line":8},"1":{"loc":{"start":{"line":14,"column":2},"end":{"line":18,"column":3}},"type":"if","locations":[{"start":{"line":14,"column":2},"end":{"line":18,"column":3}},{"start":{},"end":{}}],"line":14},"2":{"loc":{"start":{"line":14,"column":6},"end":{"line":14,"column":32}},"type":"binary-expr","locations":[{"start":{"line":14,"column":6},"end":{"line":14,"column":15}},{"start":{"line":14,"column":19},"end":{"line":14,"column":32}}],"line":14},"3":{"loc":{"start":{"line":22,"column":2},"end":{"line":26,"column":3}},"type":"if","locations":[{"start":{"line":22,"column":2},"end":{"line":26,"column":3}},{"start":{},"end":{}}],"line":22},"4":{"loc":{"start":{"line":62,"column":2},"end":{"line":66,"column":3}},"type":"if","locations":[{"start":{"line":62,"column":2},"end":{"line":66,"column":3}},{"start":{},"end":{}}],"line":62},"5":{"loc":{"start":{"line":84,"column":2},"end":{"line":88,"column":3}},"type":"if","locations":[{"start":{"line":84,"column":2},"end":{"line":88,"column":3}},{"start":{},"end":{}}],"line":84}},"s":{"0":2,"1":2,"2":2,"3":2,"4":0,"5":0,"6":0,"7":0,"8":0,"9":0,"10":0,"11":0,"12":0,"13":0,"14":0,"15":0,"16":0,"17":0,"18":2,"19":0,"20":0,"21":2,"22":0,"23":0,"24":0,"25":0,"26":0,"27":2,"28":0,"29":0,"30":2,"31":0,"32":0,"33":0,"34":0,"35":0,"36":2},"f":{"0":0,"1":0,"2":0,"3":0,"4":0},"b":{"0":[0,0],"1":[0,0],"2":[0,0],"3":[0,0],"4":[0,0],"5":[0,0]},"_coverageSchema":"1a1c01bbd47fc00a2c39e90264f33305004495a9","hash":"6fed12defc4bb224eaf9009a6ce04c8df694321d"}
,"C:\\Users\\Weeraprawat Saprong\\OneDrive\\Desktop\\project\\controllers\\productController.js": {"path":"C:\\Users\\Weeraprawat Saprong\\OneDrive\\Desktop\\project\\controllers\\productController.js","statementMap":{"0":{"start":{"line":1,"column":16},"end":{"line":1,"column":44}},"1":{"start":{"line":2,"column":21},"end":{"line":2,"column":53}},"2":{"start":{"line":3,"column":15},"end":{"line":3,"column":42}},"3":{"start":{"line":13,"column":20},"end":{"line":47,"column":2}},"4":{"start":{"line":14,"column":15},"end":{"line":14,"column":42}},"5":{"start":{"line":16,"column":16},"end":{"line":16,"column":45}},"6":{"start":{"line":18,"column":15},"end":{"line":18,"column":33}},"7":{"start":{"line":20,"column":17},"end":{"line":20,"column":39}},"8":{"start":{"line":22,"column":15},"end":{"line":22,"column":45}},"9":{"start":{"line":24,"column":16},"end":{"line":29,"column":3}},"10":{"start":{"line":31,"column":19},"end":{"line":36,"column":17}},"11":{"start":{"line":38,"column":16},"end":{"line":38,"column":51}},"12":{"start":{"line":40,"column":2},"end":{"line":46,"column":5}},"13":{"start":{"line":49,"column":23},"end":{"line":63,"column":2}},"14":{"start":{"line":50,"column":18},"end":{"line":50,"column":55}},"15":{"start":{"line":52,"column":2},"end":{"line":56,"column":3}},"16":{"start":{"line":53,"column":4},"end":{"line":53,"column":20}},"17":{"start":{"line":55,"column":4},"end":{"line":55,"column":41}},"18":{"start":{"line":58,"column":18},"end":{"line":60,"column":29}},"19":{"start":{"line":62,"column":2},"end":{"line":62,"column":29}},"20":{"start":{"line":65,"column":22},"end":{"line":85,"column":2}},"21":{"start":{"line":66,"column":46},"end":{"line":66,"column":54}},"22":{"start":{"line":68,"column":2},"end":{"line":72,"column":3}},"23":{"start":{"line":69,"column":4},"end":{"line":69,"column":20}},"24":{"start":{"line":71,"column":4},"end":{"line":71,"column":40}},"25":{"start":{"line":74,"column":18},"end":{"line":82,"column":4}},"26":{"start":{"line":84,"column":2},"end":{"line":84,"column":32}},"27":{"start":{"line":87,"column":22},"end":{"line":109,"column":2}},"28":{"start":{"line":88,"column":18},"end":{"line":100,"column":3}},"29":{"start":{"line":102,"column":2},"end":{"line":106,"column":3}},"30":{"start":{"line":103,"column":4},"end":{"line":103,"column":20}},"31":{"start":{"line":105,"column":4},"end":{"line":105,"column":41}},"32":{"start":{"line":108,"column":2},"end":{"line":108,"column":20}},"33":{"start":{"line":111,"column":22},"end":{"line":131,"column":2}},"34":{"start":{"line":112,"column":18},"end":{"line":112,"column":55}},"35":{"start":{"line":114,"column":2},"end":{"line":118,"column":3}},"36":{"start":{"line":115,"column":4},"end":{"line":115,"column":20}},"37":{"start":{"line":117,"column":4},"end":{"line":117,"column":41}},"38":{"start":{"line":120,"column":2},"end":{"line":124,"column":3}},"39":{"start":{"line":121,"column":4},"end":{"line":121,"column":20}},"40":{"start":{"line":123,"column":4},"end":{"line":123,"column":41}},"41":{"start":{"line":126,"column":2},"end":{"line":126,"column":49}},"42":{"start":{"line":128,"column":2},"end":{"line":130,"column":5}},"43":{"start":{"line":133,"column":0},"end":{"line":139,"column":2}}},"fnMap":{"0":{"name":"(anonymous_0)","decl":{"start":{"line":13,"column":33},"end":{"line":13,"column":34}},"loc":{"start":{"line":13,"column":53},"end":{"line":47,"column":1}},"line":13},"1":{"name":"(anonymous_1)","decl":{"start":{"line":49,"column":36},"end":{"line":49,"column":37}},"loc":{"start":{"line":49,"column":62},"end":{"line":63,"column":1}},"line":49},"2":{"name":"(anonymous_2)","decl":{"start":{"line":65,"column":35},"end":{"line":65,"column":36}},"loc":{"start":{"line":65,"column":55},"end":{"line":85,"column":1}},"line":65},"3":{"name":"(anonymous_3)","decl":{"start":{"line":87,"column":35},"end":{"line":87,"column":36}},"loc":{"start":{"line":87,"column":55},"end":{"line":109,"column":1}},"line":87},"4":{"name":"(anonymous_4)","decl":{"start":{"line":111,"column":35},"end":{"line":111,"column":36}},"loc":{"start":{"line":111,"column":55},"end":{"line":131,"column":1}},"line":111}},"branchMap":{"0":{"loc":{"start":{"line":14,"column":15},"end":{"line":14,"column":42}},"type":"binary-expr","locations":[{"start":{"line":14,"column":15},"end":{"line":14,"column":37}},{"start":{"line":14,"column":41},"end":{"line":14,"column":42}}],"line":14},"1":{"loc":{"start":{"line":16,"column":16},"end":{"line":16,"column":45}},"type":"binary-expr","locations":[{"start":{"line":16,"column":16},"end":{"line":16,"column":39}},{"start":{"line":16,"column":43},"end":{"line":16,"column":45}}],"line":16},"2":{"loc":{"start":{"line":20,"column":17},"end":{"line":20,"column":39}},"type":"binary-expr","locations":[{"start":{"line":20,"column":17},"end":{"line":20,"column":33}},{"start":{"line":20,"column":37},"end":{"line":20,"column":39}}],"line":20},"3":{"loc":{"start":{"line":22,"column":15},"end":{"line":22,"column":45}},"type":"binary-expr","locations":[{"start":{"line":22,"column":15},"end":{"line":22,"column":29}},{"start":{"line":22,"column":33},"end":{"line":22,"column":45}}],"line":22},"4":{"loc":{"start":{"line":52,"column":2},"end":{"line":56,"column":3}},"type":"if","locations":[{"start":{"line":52,"column":2},"end":{"line":56,"column":3}},{"start":{},"end":{}}],"line":52},"5":{"loc":{"start":{"line":68,"column":2},"end":{"line":72,"column":3}},"type":"if","locations":[{"start":{"line":68,"column":2},"end":{"line":72,"column":3}},{"start":{},"end":{}}],"line":68},"6":{"loc":{"start":{"line":80,"column":11},"end":{"line":80,"column":46}},"type":"cond-expr","locations":[{"start":{"line":80,"column":22},"end":{"line":80,"column":39}},{"start":{"line":80,"column":42},"end":{"line":80,"column":46}}],"line":80},"7":{"loc":{"start":{"line":102,"column":2},"end":{"line":106,"column":3}},"type":"if","locations":[{"start":{"line":102,"column":2},"end":{"line":106,"column":3}},{"start":{},"end":{}}],"line":102},"8":{"loc":{"start":{"line":114,"column":2},"end":{"line":118,"column":3}},"type":"if","locations":[{"start":{"line":114,"column":2},"end":{"line":118,"column":3}},{"start":{},"end":{}}],"line":114},"9":{"loc":{"start":{"line":120,"column":2},"end":{"line":124,"column":3}},"type":"if","locations":[{"start":{"line":120,"column":2},"end":{"line":124,"column":3}},{"start":{},"end":{}}],"line":120}},"s":{"0":2,"1":2,"2":2,"3":2,"4":1,"5":1,"6":1,"7":1,"8":1,"9":1,"10":1,"11":1,"12":1,"13":2,"14":2,"15":2,"16":1,"17":1,"18":1,"19":1,"20":2,"21":1,"22":1,"23":0,"24":0,"25":1,"26":1,"27":2,"28":2,"29":2,"30":1,"31":1,"32":1,"33":2,"34":1,"35":1,"36":0,"37":0,"38":1,"39":0,"40":0,"41":1,"42":1,"43":2},"f":{"0":1,"1":2,"2":1,"3":2,"4":1},"b":{"0":[1,1],"1":[1,1],"2":[1,1],"3":[1,1],"4":[1,1],"5":[0,1],"6":[0,1],"7":[1,1],"8":[0,1],"9":[0,1]},"_coverageSchema":"1a1c01bbd47fc00a2c39e90264f33305004495a9","hash":"9beb97b26641cc3163b99f534e6234df8d1aa5b3"}
,"C:\\Users\\Weeraprawat Saprong\\OneDrive\\Desktop\\project\\controllers\\reviewController.js": {"path":"C:\\Users\\Weeraprawat Saprong\\OneDrive\\Desktop\\project\\controllers\\reviewController.js","statementMap":{"0":{"start":{"line":1,"column":15},"end":{"line":1,"column":42}},"1":{"start":{"line":2,"column":16},"end":{"line":2,"column":44}},"2":{"start":{"line":3,"column":21},"end":{"line":3,"column":53}},"3":{"start":{"line":5,"column":21},"end":{"line":46,"column":2}},"4":{"start":{"line":6,"column":30},"end":{"line":6,"column":38}},"5":{"start":{"line":8,"column":18},"end":{"line":8,"column":62}},"6":{"start":{"line":10,"column":2},"end":{"line":14,"column":3}},"7":{"start":{"line":11,"column":4},"end":{"line":11,"column":20}},"8":{"start":{"line":13,"column":4},"end":{"line":13,"column":41}},"9":{"start":{"line":16,"column":25},"end":{"line":19,"column":4}},"10":{"start":{"line":21,"column":2},"end":{"line":25,"column":3}},"11":{"start":{"line":22,"column":4},"end":{"line":22,"column":20}},"12":{"start":{"line":24,"column":4},"end":{"line":24,"column":57}},"13":{"start":{"line":27,"column":17},"end":{"line":32,"column":4}},"14":{"start":{"line":34,"column":18},"end":{"line":36,"column":4}},"15":{"start":{"line":38,"column":2},"end":{"line":38,"column":38}},"16":{"start":{"line":40,"column":2},"end":{"line":41,"column":73}},"17":{"start":{"line":41,"column":34},"end":{"line":41,"column":51}},"18":{"start":{"line":43,"column":2},"end":{"line":43,"column":23}},"19":{"start":{"line":45,"column":2},"end":{"line":45,"column":31}},"20":{"start":{"line":48,"column":21},"end":{"line":85,"column":2}},"21":{"start":{"line":49,"column":17},"end":{"line":49,"column":53}},"22":{"start":{"line":51,"column":2},"end":{"line":55,"column":3}},"23":{"start":{"line":52,"column":4},"end":{"line":52,"column":20}},"24":{"start":{"line":54,"column":4},"end":{"line":54,"column":40}},"25":{"start":{"line":57,"column":2},"end":{"line":61,"column":3}},"26":{"start":{"line":58,"column":4},"end":{"line":58,"column":20}},"27":{"start":{"line":60,"column":4},"end":{"line":60,"column":40}},"28":{"start":{"line":63,"column":18},"end":{"line":63,"column":56}},"29":{"start":{"line":65,"column":2},"end":{"line":65,"column":48}},"30":{"start":{"line":67,"column":18},"end":{"line":69,"column":4}},"31":{"start":{"line":71,"column":2},"end":{"line":71,"column":38}},"32":{"start":{"line":73,"column":2},"end":{"line":78,"column":3}},"33":{"start":{"line":74,"column":4},"end":{"line":75,"column":75}},"34":{"start":{"line":75,"column":36},"end":{"line":75,"column":53}},"35":{"start":{"line":77,"column":4},"end":{"line":77,"column":23}},"36":{"start":{"line":80,"column":2},"end":{"line":80,"column":23}},"37":{"start":{"line":82,"column":2},"end":{"line":84,"column":5}},"38":{"start":{"line":87,"column":0},"end":{"line":90,"column":2}}},"fnMap":{"0":{"name":"(anonymous_0)","decl":{"start":{"line":5,"column":34},"end":{"line":5,"column":35}},"loc":{"start":{"line":5,"column":54},"end":{"line":46,"column":1}},"line":5},"1":{"name":"(anonymous_1)","decl":{"start":{"line":41,"column":19},"end":{"line":41,"column":20}},"loc":{"start":{"line":41,"column":34},"end":{"line":41,"column":51}},"line":41},"2":{"name":"(anonymous_2)","decl":{"start":{"line":48,"column":34},"end":{"line":48,"column":35}},"loc":{"start":{"line":48,"column":54},"end":{"line":85,"column":1}},"line":48},"3":{"name":"(anonymous_3)","decl":{"start":{"line":75,"column":21},"end":{"line":75,"column":22}},"loc":{"start":{"line":75,"column":36},"end":{"line":75,"column":53}},"line":75}},"branchMap":{"0":{"loc":{"start":{"line":10,"column":2},"end":{"line":14,"column":3}},"type":"if","locations":[{"start":{"line":10,"column":2},"end":{"line":14,"column":3}},{"start":{},"end":{}}],"line":10},"1":{"loc":{"start":{"line":21,"column":2},"end":{"line":25,"column":3}},"type":"if","locations":[{"start":{"line":21,"column":2},"end":{"line":25,"column":3}},{"start":{},"end":{}}],"line":21},"2":{"loc":{"start":{"line":51,"column":2},"end":{"line":55,"column":3}},"type":"if","locations":[{"start":{"line":51,"column":2},"end":{"line":55,"column":3}},{"start":{},"end":{}}],"line":51},"3":{"loc":{"start":{"line":57,"column":2},"end":{"line":61,"column":3}},"type":"if","locations":[{"start":{"line":57,"column":2},"end":{"line":61,"column":3}},{"start":{},"end":{}}],"line":57},"4":{"loc":{"start":{"line":73,"column":2},"end":{"line":78,"column":3}},"type":"if","locations":[{"start":{"line":73,"column":2},"end":{"line":78,"column":3}},{"start":{"line":76,"column":9},"end":{"line":78,"column":3}}],"line":73}},"s":{"0":2,"1":2,"2":2,"3":2,"4":0,"5":0,"6":0,"7":0,"8":0,"9":0,"10":0,"11":0,"12":0,"13":0,"14":0,"15":0,"16":0,"17":0,"18":0,"19":0,"20":2,"21":0,"22":0,"23":0,"24":0,"25":0,"26":0,"27":0,"28":0,"29":0,"30":0,"31":0,"32":0,"33":0,"34":0,"35":0,"36":0,"37":0,"38":2},"f":{"0":0,"1":0,"2":0,"3":0},"b":{"0":[0,0],"1":[0,0],"2":[0,0],"3":[0,0],"4":[0,0]},"_coverageSchema":"1a1c01bbd47fc00a2c39e90264f33305004495a9","hash":"02167f0ca9d35645b36cd9a8631196e7ca24f0fb"}
,"C:\\Users\\Weeraprawat Saprong\\OneDrive\\Desktop\\project\\middleware\\admin.js": {"path":"C:\\Users\\Weeraprawat Saprong\\OneDrive\\Desktop\\project\\middleware\\admin.js","statementMap":{"0":{"start":{"line":1,"column":14},"end":{"line":9,"column":1}},"1":{"start":{"line":2,"column":2},"end":{"line":8,"column":3}},"2":{"start":{"line":3,"column":4},"end":{"line":3,"column":11}},"3":{"start":{"line":5,"column":4},"end":{"line":5,"column":20}},"4":{"start":{"line":7,"column":4},"end":{"line":7,"column":34}},"5":{"start":{"line":11,"column":0},"end":{"line":11,"column":23}}},"fnMap":{"0":{"name":"(anonymous_0)","decl":{"start":{"line":1,"column":14},"end":{"line":1,"column":15}},"loc":{"start":{"line":1,"column":34},"end":{"line":9,"column":1}},"line":1}},"branchMap":{"0":{"loc":{"start":{"line":2,"column":2},"end":{"line":8,"column":3}},"type":"if","locations":[{"start":{"line":2,"column":2},"end":{"line":8,"column":3}},{"start":{"line":4,"column":9},"end":{"line":8,"column":3}}],"line":2},"1":{"loc":{"start":{"line":2,"column":6},"end":{"line":2,"column":43}},"type":"binary-expr","locations":[{"start":{"line":2,"column":6},"end":{"line":2,"column":14}},{"start":{"line":2,"column":18},"end":{"line":2,"column":43}}],"line":2}},"s":{"0":2,"1":1,"2":1,"3":0,"4":0,"5":2},"f":{"0":1},"b":{"0":[1,0],"1":[1,1]},"_coverageSchema":"1a1c01bbd47fc00a2c39e90264f33305004495a9","hash":"fe20a1103e32d02d43911b726b3224d8a8108793"}
,"C:\\Users\\Weeraprawat Saprong\\OneDrive\\Desktop\\project\\middleware\\errorHandler.js": {"path":"C:\\Users\\Weeraprawat Saprong\\OneDrive\\Desktop\\project\\middleware\\errorHandler.js","statementMap":{"0":{"start":{"line":1,"column":21},"end":{"line":11,"column":1}},"1":{"start":{"line":2,"column":21},"end":{"line":2,"column":66}},"2":{"start":{"line":4,"column":2},"end":{"line":4,"column":25}},"3":{"start":{"line":6,"column":2},"end":{"line":10,"column":5}},"4":{"start":{"line":13,"column":0},"end":{"line":13,"column":30}}},"fnMap":{"0":{"name":"(anonymous_0)","decl":{"start":{"line":1,"column":21},"end":{"line":1,"column":22}},"loc":{"start":{"line":1,"column":46},"end":{"line":11,"column":1}},"line":1}},"branchMap":{"0":{"loc":{"start":{"line":2,"column":21},"end":{"line":2,"column":66}},"type":"cond-expr","locations":[{"start":{"line":2,"column":46},"end":{"line":2,"column":49}},{"start":{"line":2,"column":52},"end":{"line":2,"column":66}}],"line":2},"1":{"loc":{"start":{"line":9,"column":11},"end":{"line":9,"column":67}},"type":"cond-expr","locations":[{"start":{"line":9,"column":51},"end":{"line":9,"column":55}},{"start":{"line":9,"column":58},"end":{"line":9,"column":67}}],"line":9}},"s":{"0":2,"1":4,"2":4,"3":4,"4":2},"f":{"0":4},"b":{"0":[0,4],"1":[0,4]},"_coverageSchema":"1a1c01bbd47fc00a2c39e90264f33305004495a9","hash":"d9819251195dd8c6454321ba6393cb08cedc4be6"}
,"C:\\Users\\Weeraprawat Saprong\\OneDrive\\Desktop\\project\\middleware\\logger.js": {"path":"C:\\Users\\Weeraprawat Saprong\\OneDrive\\Desktop\\project\\middleware\\logger.js","statementMap":{"0":{"start":{"line":1,"column":15},"end":{"line":5,"column":1}},"1":{"start":{"line":2,"column":2},"end":{"line":2,"column":41}},"2":{"start":{"line":4,"column":2},"end":{"line":4,"column":8}},"3":{"start":{"line":7,"column":0},"end":{"line":7,"column":23}}},"fnMap":{"0":{"name":"(anonymous_0)","decl":{"start":{"line":1,"column":15},"end":{"line":1,"column":16}},"loc":{"start":{"line":1,"column":35},"end":{"line":5,"column":1}},"line":1}},"branchMap":{},"s":{"0":2,"1":25,"2":25,"3":2},"f":{"0":25},"b":{},"_coverageSchema":"1a1c01bbd47fc00a2c39e90264f33305004495a9","hash":"96468570c508b5a2d6a179a2154fc876eaffaaf2"}
,"C:\\Users\\Weeraprawat Saprong\\OneDrive\\Desktop\\project\\middleware\\protect.js": {"path":"C:\\Users\\Weeraprawat Saprong\\OneDrive\\Desktop\\project\\middleware\\protect.js","statementMap":{"0":{"start":{"line":1,"column":12},"end":{"line":1,"column":35}},"1":{"start":{"line":2,"column":13},"end":{"line":2,"column":38}},"2":{"start":{"line":4,"column":16},"end":{"line":38,"column":1}},"3":{"start":{"line":7,"column":2},"end":{"line":33,"column":3}},"4":{"start":{"line":11,"column":4},"end":{"line":11,"column":43}},"5":{"start":{"line":12,"column":4},"end":{"line":12,"column":52}},"6":{"start":{"line":14,"column":4},"end":{"line":28,"column":5}},"7":{"start":{"line":15,"column":22},"end":{"line":15,"column":63}},"8":{"start":{"line":17,"column":6},"end":{"line":17,"column":69}},"9":{"start":{"line":19,"column":6},"end":{"line":19,"column":61}},"10":{"start":{"line":21,"column":6},"end":{"line":21,"column":20}},"11":{"start":{"line":23,"column":6},"end":{"line":23,"column":39}},"12":{"start":{"line":25,"column":6},"end":{"line":25,"column":22}},"13":{"start":{"line":27,"column":6},"end":{"line":27,"column":40}},"14":{"start":{"line":35,"column":2},"end":{"line":35,"column":18}},"15":{"start":{"line":37,"column":2},"end":{"line":37,"column":30}},"16":{"start":{"line":40,"column":0},"end":{"line":40,"column":25}}},"fnMap":{"0":{"name":"(anonymous_0)","decl":{"start":{"line":4,"column":16},"end":{"line":4,"column":17}},"loc":{"start":{"line":4,"column":42},"end":{"line":38,"column":1}},"line":4}},"branchMap":{"0":{"loc":{"start":{"line":7,"column":2},"end":{"line":33,"column":3}},"type":"if","locations":[{"start":{"line":7,"column":2},"end":{"line":33,"column":3}},{"start":{},"end":{}}],"line":7},"1":{"loc":{"start":{"line":8,"column":4},"end":{"line":9,"column":50}},"type":"binary-expr","locations":[{"start":{"line":8,"column":4},"end":{"line":8,"column":29}},{"start":{"line":9,"column":4},"end":{"line":9,"column":50}}],"line":8}},"s":{"0":2,"1":2,"2":2,"3":8,"4":7,"5":7,"6":7,"7":7,"8":7,"9":7,"10":7,"11":0,"12":0,"13":0,"14":1,"15":1,"16":2},"f":{"0":8},"b":{"0":[7,1],"1":[8,7]},"_coverageSchema":"1a1c01bbd47fc00a2c39e90264f33305004495a9","hash":"dc567d900309a4db8ed5eabe3c86bbc73de83b7e"}
,"C:\\Users\\Weeraprawat Saprong\\OneDrive\\Desktop\\project\\middleware\\upload.js": {"path":"C:\\Users\\Weeraprawat Saprong\\OneDrive\\Desktop\\project\\middleware\\upload.js","statementMap":{"0":{"start":{"line":1,"column":15},"end":{"line":1,"column":32}},"1":{"start":{"line":3,"column":16},"end":{"line":11,"column":2}},"2":{"start":{"line":5,"column":4},"end":{"line":5,"column":25}},"3":{"start":{"line":9,"column":4},"end":{"line":9,"column":51}},"4":{"start":{"line":13,"column":15},"end":{"line":15,"column":2}},"5":{"start":{"line":17,"column":0},"end":{"line":17,"column":24}}},"fnMap":{"0":{"name":"(anonymous_0)","decl":{"start":{"line":4,"column":15},"end":{"line":4,"column":16}},"loc":{"start":{"line":4,"column":34},"end":{"line":6,"column":3}},"line":4},"1":{"name":"(anonymous_1)","decl":{"start":{"line":8,"column":12},"end":{"line":8,"column":13}},"loc":{"start":{"line":8,"column":31},"end":{"line":10,"column":3}},"line":8}},"branchMap":{},"s":{"0":2,"1":2,"2":0,"3":0,"4":2,"5":2},"f":{"0":0,"1":0},"b":{},"_coverageSchema":"1a1c01bbd47fc00a2c39e90264f33305004495a9","hash":"4a996a832060e04e2b54f47004deec2549c53558"}
,"C:\\Users\\Weeraprawat Saprong\\OneDrive\\Desktop\\project\\middleware\\validation.js": {"path":"C:\\Users\\Weeraprawat Saprong\\OneDrive\\Desktop\\project\\middleware\\validation.js","statementMap":{"0":{"start":{"line":1,"column":29},"end":{"line":1,"column":57}},"1":{"start":{"line":3,"column":17},"end":{"line":13,"column":1}},"2":{"start":{"line":4,"column":17},"end":{"line":4,"column":38}},"3":{"start":{"line":6,"column":2},"end":{"line":10,"column":3}},"4":{"start":{"line":7,"column":4},"end":{"line":9,"column":7}},"5":{"start":{"line":12,"column":2},"end":{"line":12,"column":9}},"6":{"start":{"line":15,"column":0},"end":{"line":15,"column":26}}},"fnMap":{"0":{"name":"(anonymous_0)","decl":{"start":{"line":3,"column":17},"end":{"line":3,"column":18}},"loc":{"start":{"line":3,"column":37},"end":{"line":13,"column":1}},"line":3}},"branchMap":{"0":{"loc":{"start":{"line":6,"column":2},"end":{"line":10,"column":3}},"type":"if","locations":[{"start":{"line":6,"column":2},"end":{"line":10,"column":3}},{"start":{},"end":{}}],"line":6}},"s":{"0":2,"1":2,"2":6,"3":6,"4":3,"5":3,"6":2},"f":{"0":6},"b":{"0":[3,3]},"_coverageSchema":"1a1c01bbd47fc00a2c39e90264f33305004495a9","hash":"49f5c54079601e3e263ad0abc84a3ec2c69d184e"}
,"C:\\Users\\Weeraprawat Saprong\\OneDrive\\Desktop\\project\\models\\Category.js": {"path":"C:\\Users\\Weeraprawat Saprong\\OneDrive\\Desktop\\project\\models\\Category.js","statementMap":{"0":{"start":{"line":1,"column":17},"end":{"line":1,"column":36}},"1":{"start":{"line":3,"column":23},"end":{"line":14,"column":1}},"2":{"start":{"line":16,"column":0},"end":{"line":16,"column":60}}},"fnMap":{},"branchMap":{},"s":{"0":2,"1":2,"2":2},"f":{},"b":{},"_coverageSchema":"1a1c01bbd47fc00a2c39e90264f33305004495a9","hash":"2f3f13d92169582060c7a1e0920fea03ccdafd72"}
,"C:\\Users\\Weeraprawat Saprong\\OneDrive\\Desktop\\project\\models\\Order.js": {"path":"C:\\Users\\Weeraprawat Saprong\\OneDrive\\Desktop\\project\\models\\Order.js","statementMap":{"0":{"start":{"line":1,"column":17},"end":{"line":1,"column":36}},"1":{"start":{"line":3,"column":20},"end":{"line":36,"column":1}},"2":{"start":{"line":38,"column":0},"end":{"line":38,"column":54}}},"fnMap":{},"branchMap":{},"s":{"0":2,"1":2,"2":2},"f":{},"b":{},"_coverageSchema":"1a1c01bbd47fc00a2c39e90264f33305004495a9","hash":"a7c88076ad671b2b8e7f5f8915ac2e830109d15e"}
,"C:\\Users\\Weeraprawat Saprong\\OneDrive\\Desktop\\project\\models\\Product.js": {"path":"C:\\Users\\Weeraprawat Saprong\\OneDrive\\Desktop\\project\\models\\Product.js","statementMap":{"0":{"start":{"line":1,"column":17},"end":{"line":1,"column":36}},"1":{"start":{"line":3,"column":22},"end":{"line":53,"column":1}},"2":{"start":{"line":55,"column":0},"end":{"line":55,"column":58}}},"fnMap":{},"branchMap":{},"s":{"0":2,"1":2,"2":2},"f":{},"b":{},"_coverageSchema":"1a1c01bbd47fc00a2c39e90264f33305004495a9","hash":"f785689a83744bb179742bd1458293d7e0d9d4c7"}
,"C:\\Users\\Weeraprawat Saprong\\OneDrive\\Desktop\\project\\models\\Review.js": {"path":"C:\\Users\\Weeraprawat Saprong\\OneDrive\\Desktop\\project\\models\\Review.js","statementMap":{"0":{"start":{"line":1,"column":17},"end":{"line":1,"column":36}},"1":{"start":{"line":3,"column":21},"end":{"line":32,"column":1}},"2":{"start":{"line":34,"column":0},"end":{"line":34,"column":56}}},"fnMap":{},"branchMap":{},"s":{"0":2,"1":2,"2":2},"f":{},"b":{},"_coverageSchema":"1a1c01bbd47fc00a2c39e90264f33305004495a9","hash":"dd4b9882444676fd5a9d134423a516959098cebe"}
,"C:\\Users\\Weeraprawat Saprong\\OneDrive\\Desktop\\project\\models\\User.js": {"path":"C:\\Users\\Weeraprawat Saprong\\OneDrive\\Desktop\\project\\models\\User.js","statementMap":{"0":{"start":{"line":1,"column":17},"end":{"line":1,"column":36}},"1":{"start":{"line":3,"column":19},"end":{"line":28,"column":2}},"2":{"start":{"line":30,"column":0},"end":{"line":30,"column":52}}},"fnMap":{},"branchMap":{},"s":{"0":2,"1":2,"2":2},"f":{},"b":{},"_coverageSchema":"1a1c01bbd47fc00a2c39e90264f33305004495a9","hash":"494061ff4faea53617239566fee79384f9677e1d"}
,"C:\\Users\\Weeraprawat Saprong\\OneDrive\\Desktop\\project\\routes\\adminRoutes.js": {"path":"C:\\Users\\Weeraprawat Saprong\\OneDrive\\Desktop\\project\\routes\\adminRoutes.js","statementMap":{"0":{"start":{"line":1,"column":16},"end":{"line":1,"column":34}},"1":{"start":{"line":3,"column":15},"end":{"line":3,"column":31}},"2":{"start":{"line":5,"column":16},"end":{"line":5,"column":48}},"3":{"start":{"line":6,"column":14},"end":{"line":6,"column":44}},"4":{"start":{"line":8,"column":21},"end":{"line":8,"column":62}},"5":{"start":{"line":24,"column":0},"end":{"line":24,"column":47}},"6":{"start":{"line":26,"column":0},"end":{"line":26,"column":24}}},"fnMap":{},"branchMap":{},"s":{"0":2,"1":2,"2":2,"3":2,"4":2,"5":2,"6":2},"f":{},"b":{},"_coverageSchema":"1a1c01bbd47fc00a2c39e90264f33305004495a9","hash":"f240f1e49dc66d6e3a291673318201616209d501"}
,"C:\\Users\\Weeraprawat Saprong\\OneDrive\\Desktop\\project\\routes\\authRoutes.js": {"path":"C:\\Users\\Weeraprawat Saprong\\OneDrive\\Desktop\\project\\routes\\authRoutes.js","statementMap":{"0":{"start":{"line":1,"column":16},"end":{"line":1,"column":34}},"1":{"start":{"line":2,"column":16},"end":{"line":2,"column":48}},"2":{"start":{"line":3,"column":14},"end":{"line":3,"column":44}},"3":{"start":{"line":4,"column":27},"end":{"line":4,"column":66}},"4":{"start":{"line":5,"column":17},"end":{"line":5,"column":52}},"5":{"start":{"line":7,"column":15},"end":{"line":7,"column":31}},"6":{"start":{"line":20,"column":4},"end":{"line":20,"column":44}},"7":{"start":{"line":47,"column":0},"end":{"line":47,"column":65}},"8":{"start":{"line":72,"column":0},"end":{"line":72,"column":29}},"9":{"start":{"line":88,"column":0},"end":{"line":88,"column":44}},"10":{"start":{"line":104,"column":0},"end":{"line":104,"column":47}},"11":{"start":{"line":126,"column":0},"end":{"line":126,"column":54}},"12":{"start":{"line":142,"column":0},"end":{"line":142,"column":62}},"13":{"start":{"line":156,"column":0},"end":{"line":156,"column":48}},"14":{"start":{"line":176,"column":0},"end":{"line":176,"column":52}},"15":{"start":{"line":190,"column":0},"end":{"line":190,"column":50}},"16":{"start":{"line":206,"column":0},"end":{"line":206,"column":40}},"17":{"start":{"line":208,"column":0},"end":{"line":208,"column":24}}},"fnMap":{},"branchMap":{},"s":{"0":2,"1":2,"2":2,"3":2,"4":2,"5":2,"6":2,"7":2,"8":2,"9":2,"10":2,"11":2,"12":2,"13":2,"14":2,"15":2,"16":2,"17":2},"f":{},"b":{},"_coverageSchema":"1a1c01bbd47fc00a2c39e90264f33305004495a9","hash":"11b96d42d105b8eb72d9e4e8c946ac9b726916bf"}
,"C:\\Users\\Weeraprawat Saprong\\OneDrive\\Desktop\\project\\routes\\categoryRoutes.js": {"path":"C:\\Users\\Weeraprawat Saprong\\OneDrive\\Desktop\\project\\routes\\categoryRoutes.js","statementMap":{"0":{"start":{"line":1,"column":16},"end":{"line":1,"column":34}},"1":{"start":{"line":2,"column":15},"end":{"line":2,"column":31}},"2":{"start":{"line":3,"column":16},"end":{"line":3,"column":48}},"3":{"start":{"line":4,"column":14},"end":{"line":4,"column":44}},"4":{"start":{"line":9,"column":4},"end":{"line":9,"column":48}},"5":{"start":{"line":11,"column":0},"end":{"line":11,"column":31}},"6":{"start":{"line":12,"column":0},"end":{"line":12,"column":49}},"7":{"start":{"line":14,"column":0},"end":{"line":14,"column":24}}},"fnMap":{},"branchMap":{},"s":{"0":2,"1":2,"2":2,"3":2,"4":2,"5":2,"6":2,"7":2},"f":{},"b":{},"_coverageSchema":"1a1c01bbd47fc00a2c39e90264f33305004495a9","hash":"5674879cfa551272e0d0417e82427076b1234791"}
,"C:\\Users\\Weeraprawat Saprong\\OneDrive\\Desktop\\project\\routes\\orderRoutes.js": {"path":"C:\\Users\\Weeraprawat Saprong\\OneDrive\\Desktop\\project\\routes\\orderRoutes.js","statementMap":{"0":{"start":{"line":1,"column":16},"end":{"line":1,"column":34}},"1":{"start":{"line":3,"column":15},"end":{"line":3,"column":31}},"2":{"start":{"line":5,"column":16},"end":{"line":5,"column":48}},"3":{"start":{"line":6,"column":14},"end":{"line":6,"column":44}},"4":{"start":{"line":14,"column":4},"end":{"line":14,"column":45}},"5":{"start":{"line":30,"column":0},"end":{"line":30,"column":39}},"6":{"start":{"line":46,"column":0},"end":{"line":46,"column":47}},"7":{"start":{"line":68,"column":0},"end":{"line":68,"column":61}},"8":{"start":{"line":69,"column":0},"end":{"line":69,"column":46}},"9":{"start":{"line":70,"column":0},"end":{"line":70,"column":42}},"10":{"start":{"line":72,"column":0},"end":{"line":72,"column":24}}},"fnMap":{},"branchMap":{},"s":{"0":2,"1":2,"2":2,"3":2,"4":2,"5":2,"6":2,"7":2,"8":2,"9":2,"10":2},"f":{},"b":{},"_coverageSchema":"1a1c01bbd47fc00a2c39e90264f33305004495a9","hash":"2589021c8accb48a2009c9c07c7a1569d36ab5a3"}
,"C:\\Users\\Weeraprawat Saprong\\OneDrive\\Desktop\\project\\routes\\products.js": {"path":"C:\\Users\\Weeraprawat Saprong\\OneDrive\\Desktop\\project\\routes\\products.js","statementMap":{"0":{"start":{"line":1,"column":16},"end":{"line":1,"column":34}},"1":{"start":{"line":2,"column":16},"end":{"line":2,"column":48}},"2":{"start":{"line":3,"column":14},"end":{"line":3,"column":44}},"3":{"start":{"line":4,"column":15},"end":{"line":4,"column":46}},"4":{"start":{"line":5,"column":26},"end":{"line":5,"column":68}},"5":{"start":{"line":6,"column":17},"end":{"line":6,"column":52}},"6":{"start":{"line":8,"column":15},"end":{"line":8,"column":31}},"7":{"start":{"line":21,"column":4},"end":{"line":21,"column":47}},"8":{"start":{"line":35,"column":0},"end":{"line":35,"column":29}},"9":{"start":{"line":57,"column":0},"end":{"line":57,"column":35}},"10":{"start":{"line":73,"column":0},"end":{"line":80,"column":2}},"11":{"start":{"line":102,"column":0},"end":{"line":102,"column":43}},"12":{"start":{"line":124,"column":0},"end":{"line":124,"column":53}},"13":{"start":{"line":126,"column":0},"end":{"line":126,"column":20}},"14":{"start":{"line":128,"column":0},"end":{"line":128,"column":24}}},"fnMap":{},"branchMap":{},"s":{"0":2,"1":2,"2":2,"3":2,"4":2,"5":2,"6":2,"7":2,"8":2,"9":2,"10":2,"11":2,"12":2,"13":2,"14":2},"f":{},"b":{},"_coverageSchema":"1a1c01bbd47fc00a2c39e90264f33305004495a9","hash":"5baee091f28c1dbd4f1bba60bb2bc7ff8afa0153"}
,"C:\\Users\\Weeraprawat Saprong\\OneDrive\\Desktop\\project\\routes\\reviewRoutes.js": {"path":"C:\\Users\\Weeraprawat Saprong\\OneDrive\\Desktop\\project\\routes\\reviewRoutes.js","statementMap":{"0":{"start":{"line":1,"column":16},"end":{"line":1,"column":34}},"1":{"start":{"line":3,"column":15},"end":{"line":3,"column":31}},"2":{"start":{"line":5,"column":16},"end":{"line":5,"column":48}},"3":{"start":{"line":10,"column":4},"end":{"line":10,"column":46}},"4":{"start":{"line":32,"column":0},"end":{"line":32,"column":50}},"5":{"start":{"line":54,"column":0},"end":{"line":54,"column":45}},"6":{"start":{"line":56,"column":0},"end":{"line":56,"column":24}}},"fnMap":{},"branchMap":{},"s":{"0":2,"1":2,"2":2,"3":2,"4":2,"5":2,"6":2},"f":{},"b":{},"_coverageSchema":"1a1c01bbd47fc00a2c39e90264f33305004495a9","hash":"cc4a48ea90bd95fe8cc8f89740b59edc1381fb0b"}
,"C:\\Users\\Weeraprawat Saprong\\OneDrive\\Desktop\\project\\utils\\asyncHandler.js": {"path":"C:\\Users\\Weeraprawat Saprong\\OneDrive\\Desktop\\project\\utils\\asyncHandler.js","statementMap":{"0":{"start":{"line":1,"column":21},"end":{"line":7,"column":1}},"1":{"start":{"line":2,"column":2},"end":{"line":6,"column":3}},"2":{"start":{"line":3,"column":4},"end":{"line":5,"column":17}},"3":{"start":{"line":9,"column":0},"end":{"line":9,"column":29}}},"fnMap":{"0":{"name":"(anonymous_0)","decl":{"start":{"line":1,"column":21},"end":{"line":1,"column":22}},"loc":{"start":{"line":1,"column":29},"end":{"line":7,"column":1}},"line":1},"1":{"name":"(anonymous_1)","decl":{"start":{"line":2,"column":9},"end":{"line":2,"column":10}},"loc":{"start":{"line":2,"column":29},"end":{"line":6,"column":3}},"line":2}},"branchMap":{},"s":{"0":2,"1":48,"2":21,"3":2},"f":{"0":48,"1":21},"b":{},"_coverageSchema":"1a1c01bbd47fc00a2c39e90264f33305004495a9","hash":"7da8f570f782c13932e86ae848ecbe0bfc2f6f03"}
,"C:\\Users\\Weeraprawat Saprong\\OneDrive\\Desktop\\project\\validators\\authValidation.js": {"path":"C:\\Users\\Weeraprawat Saprong\\OneDrive\\Desktop\\project\\validators\\authValidation.js","statementMap":{"0":{"start":{"line":1,"column":17},"end":{"line":1,"column":45}},"1":{"start":{"line":3,"column":27},"end":{"line":15,"column":1}},"2":{"start":{"line":17,"column":0},"end":{"line":17,"column":36}}},"fnMap":{},"branchMap":{},"s":{"0":2,"1":2,"2":2},"f":{},"b":{},"_coverageSchema":"1a1c01bbd47fc00a2c39e90264f33305004495a9","hash":"bd81095b524cf62e7b3e4fa1152ecf4ce59e1ee6"}
,"C:\\Users\\Weeraprawat Saprong\\OneDrive\\Desktop\\project\\validators\\productValidation.js": {"path":"C:\\Users\\Weeraprawat Saprong\\OneDrive\\Desktop\\project\\validators\\productValidation.js","statementMap":{"0":{"start":{"line":1,"column":17},"end":{"line":1,"column":45}},"1":{"start":{"line":3,"column":26},"end":{"line":9,"column":1}},"2":{"start":{"line":11,"column":0},"end":{"line":11,"column":35}}},"fnMap":{},"branchMap":{},"s":{"0":2,"1":2,"2":2},"f":{},"b":{},"_coverageSchema":"1a1c01bbd47fc00a2c39e90264f33305004495a9","hash":"e3703103c1c27e6a0b99fe1b6e4e0c0d4d0c1dd3"}
}
