TN:
SF:app.js
FN:37,(anonymous_0)
FNF:1
FNH:0
FNDA:0,(anonymous_0)
DA:1,2
DA:3,2
DA:5,2
DA:6,2
DA:7,2
DA:8,2
DA:9,2
DA:10,2
DA:11,2
DA:13,2
DA:17,2
DA:18,2
DA:20,2
DA:21,2
DA:23,2
DA:24,2
DA:25,2
DA:26,2
DA:27,2
DA:29,2
DA:30,2
DA:32,2
DA:33,2
DA:35,2
DA:37,2
DA:38,0
DA:40,0
DA:43,2
DA:47,2
LF:29
LH:27
BRF:0
BRH:0
end_of_record
TN:
SF:config\db.js
FN:3,(anonymous_0)
FNF:1
FNH:1
FNDA:1,(anonymous_0)
DA:1,1
DA:3,1
DA:4,1
DA:5,1
DA:7,1
DA:9,0
DA:11,0
DA:15,1
LF:8
LH:6
BRF:0
BRH:0
end_of_record
TN:
SF:config\swagger.js
FNF:0
FNH:0
DA:1,2
DA:3,2
DA:39,2
DA:41,2
LF:4
LH:4
BRF:0
BRH:0
end_of_record
TN:
SF:controllers\adminController.js
FN:7,(anonymous_0)
FN:16,(anonymous_1)
FNF:2
FNH:0
FNDA:0,(anonymous_0)
FNDA:0,(anonymous_1)
DA:1,2
DA:2,2
DA:3,2
DA:5,2
DA:7,2
DA:8,0
DA:10,0
DA:12,0
DA:14,0
DA:16,0
DA:18,0
DA:26,2
LF:12
LH:6
BRF:0
BRH:0
end_of_record
TN:
SF:controllers\authController.js
FN:7,(anonymous_0)
FN:35,(anonymous_1)
FN:83,(anonymous_2)
FN:87,(anonymous_3)
FN:93,(anonymous_4)
FN:105,(anonymous_5)
FN:125,(anonymous_6)
FN:151,(anonymous_7)
FN:181,(anonymous_8)
FN:217,(anonymous_9)
FNF:10
FNH:2
FNDA:2,(anonymous_0)
FNDA:12,(anonymous_1)
FNDA:0,(anonymous_2)
FNDA:0,(anonymous_3)
FNDA:0,(anonymous_4)
FNDA:0,(anonymous_5)
FNDA:0,(anonymous_6)
FNDA:0,(anonymous_7)
FNDA:0,(anonymous_8)
FNDA:0,(anonymous_9)
DA:1,2
DA:2,2
DA:3,2
DA:4,2
DA:5,2
DA:7,2
DA:8,2
DA:10,2
DA:12,2
DA:16,2
DA:17,1
DA:19,1
DA:22,1
DA:28,1
DA:35,2
DA:36,12
DA:37,12
DA:41,12
DA:42,3
DA:47,9
DA:48,9
DA:49,1
DA:53,8
DA:63,8
DA:73,8
DA:75,8
DA:77,8
DA:83,2
DA:84,0
DA:87,2
DA:88,0
DA:90,0
DA:93,2
DA:94,0
DA:96,0
DA:97,0
DA:99,0
DA:102,0
DA:105,2
DA:106,0
DA:116,0
DA:117,0
DA:119,0
DA:122,0
DA:125,2
DA:126,0
DA:130,0
DA:131,0
DA:133,0
DA:136,0
DA:138,0
DA:140,0
DA:142,0
DA:144,0
DA:151,2
DA:152,0
DA:160,0
DA:161,0
DA:163,0
DA:166,0
DA:168,0
DA:170,0
DA:172,0
DA:174,0
DA:176,0
DA:181,2
DA:182,0
DA:184,0
DA:185,0
DA:187,0
DA:190,0
DA:194,0
DA:195,0
DA:197,0
DA:200,0
DA:202,0
DA:212,0
DA:217,2
DA:218,0
DA:220,0
DA:221,0
DA:223,0
DA:226,0
DA:228,0
DA:230,0
DA:235,2
LF:86
LH:36
BRDA:16,0,0,1
BRDA:16,0,1,1
BRDA:41,1,0,3
BRDA:41,1,1,9
BRDA:48,2,0,1
BRDA:48,2,1,8
BRDA:96,3,0,0
BRDA:96,3,1,0
BRDA:116,4,0,0
BRDA:116,4,1,0
BRDA:130,5,0,0
BRDA:130,5,1,0
BRDA:160,6,0,0
BRDA:160,6,1,0
BRDA:184,7,0,0
BRDA:184,7,1,0
BRDA:194,8,0,0
BRDA:194,8,1,0
BRDA:220,9,0,0
BRDA:220,9,1,0
BRF:20
BRH:6
end_of_record
TN:
SF:controllers\categoryController.js
FN:4,(anonymous_0)
FN:12,(anonymous_1)
FNF:2
FNH:0
FNDA:0,(anonymous_0)
FNDA:0,(anonymous_1)
DA:1,2
DA:2,2
DA:4,2
DA:5,0
DA:9,0
DA:12,2
DA:13,0
DA:15,0
DA:18,2
LF:9
LH:5
BRF:0
BRH:0
end_of_record
TN:
SF:controllers\orderController.js
FN:5,(anonymous_0)
FN:40,(anonymous_1)
FN:50,(anonymous_2)
FN:71,(anonymous_3)
FN:79,(anonymous_4)
FNF:5
FNH:0
FNDA:0,(anonymous_0)
FNDA:0,(anonymous_1)
FNDA:0,(anonymous_2)
FNDA:0,(anonymous_3)
FNDA:0,(anonymous_4)
DA:1,2
DA:2,2
DA:3,2
DA:5,2
DA:6,0
DA:8,0
DA:9,0
DA:11,0
DA:14,0
DA:15,0
DA:17,0
DA:20,0
DA:22,0
DA:23,0
DA:25,0
DA:28,0
DA:30,0
DA:37,0
DA:40,2
DA:41,0
DA:47,0
DA:50,2
DA:51,0
DA:62,0
DA:63,0
DA:65,0
DA:68,0
DA:71,2
DA:72,0
DA:76,0
DA:79,2
DA:80,0
DA:84,0
DA:85,0
DA:87,0
DA:90,0
DA:93,2
LF:37
LH:9
BRDA:8,0,0,0
BRDA:8,0,1,0
BRDA:14,1,0,0
BRDA:14,1,1,0
BRDA:14,2,0,0
BRDA:14,2,1,0
BRDA:22,3,0,0
BRDA:22,3,1,0
BRDA:62,4,0,0
BRDA:62,4,1,0
BRDA:84,5,0,0
BRDA:84,5,1,0
BRF:12
BRH:0
end_of_record
TN:
SF:controllers\productController.js
FN:13,(anonymous_0)
FN:49,(anonymous_1)
FN:65,(anonymous_2)
FN:87,(anonymous_3)
FN:111,(anonymous_4)
FNF:5
FNH:5
FNDA:1,(anonymous_0)
FNDA:2,(anonymous_1)
FNDA:1,(anonymous_2)
FNDA:2,(anonymous_3)
FNDA:1,(anonymous_4)
DA:1,2
DA:2,2
DA:3,2
DA:13,2
DA:14,1
DA:16,1
DA:18,1
DA:20,1
DA:22,1
DA:24,1
DA:31,1
DA:38,1
DA:40,1
DA:49,2
DA:50,2
DA:52,2
DA:53,1
DA:55,1
DA:58,1
DA:62,1
DA:65,2
DA:66,1
DA:68,1
DA:69,0
DA:71,0
DA:74,1
DA:84,1
DA:87,2
DA:88,2
DA:102,2
DA:103,1
DA:105,1
DA:108,1
DA:111,2
DA:112,1
DA:114,1
DA:115,0
DA:117,0
DA:120,1
DA:121,0
DA:123,0
DA:126,1
DA:128,1
DA:133,2
LF:44
LH:38
BRDA:14,0,0,1
BRDA:14,0,1,1
BRDA:16,1,0,1
BRDA:16,1,1,1
BRDA:20,2,0,1
BRDA:20,2,1,1
BRDA:22,3,0,1
BRDA:22,3,1,1
BRDA:52,4,0,1
BRDA:52,4,1,1
BRDA:68,5,0,0
BRDA:68,5,1,1
BRDA:80,6,0,0
BRDA:80,6,1,1
BRDA:102,7,0,1
BRDA:102,7,1,1
BRDA:114,8,0,0
BRDA:114,8,1,1
BRDA:120,9,0,0
BRDA:120,9,1,1
BRF:20
BRH:16
end_of_record
TN:
SF:controllers\reviewController.js
FN:5,(anonymous_0)
FN:41,(anonymous_1)
FN:48,(anonymous_2)
FN:75,(anonymous_3)
FNF:4
FNH:0
FNDA:0,(anonymous_0)
FNDA:0,(anonymous_1)
FNDA:0,(anonymous_2)
FNDA:0,(anonymous_3)
DA:1,2
DA:2,2
DA:3,2
DA:5,2
DA:6,0
DA:8,0
DA:10,0
DA:11,0
DA:13,0
DA:16,0
DA:21,0
DA:22,0
DA:24,0
DA:27,0
DA:34,0
DA:38,0
DA:40,0
DA:41,0
DA:43,0
DA:45,0
DA:48,2
DA:49,0
DA:51,0
DA:52,0
DA:54,0
DA:57,0
DA:58,0
DA:60,0
DA:63,0
DA:65,0
DA:67,0
DA:71,0
DA:73,0
DA:74,0
DA:75,0
DA:77,0
DA:80,0
DA:82,0
DA:87,2
LF:39
LH:6
BRDA:10,0,0,0
BRDA:10,0,1,0
BRDA:21,1,0,0
BRDA:21,1,1,0
BRDA:51,2,0,0
BRDA:51,2,1,0
BRDA:57,3,0,0
BRDA:57,3,1,0
BRDA:73,4,0,0
BRDA:73,4,1,0
BRF:10
BRH:0
end_of_record
TN:
SF:middleware\admin.js
FN:1,(anonymous_0)
FNF:1
FNH:1
FNDA:1,(anonymous_0)
DA:1,2
DA:2,1
DA:3,1
DA:5,0
DA:7,0
DA:11,2
LF:6
LH:4
BRDA:2,0,0,1
BRDA:2,0,1,0
BRDA:2,1,0,1
BRDA:2,1,1,1
BRF:4
BRH:3
end_of_record
TN:
SF:middleware\errorHandler.js
FN:1,(anonymous_0)
FNF:1
FNH:1
FNDA:4,(anonymous_0)
DA:1,2
DA:2,4
DA:4,4
DA:6,4
DA:13,2
LF:5
LH:5
BRDA:2,0,0,0
BRDA:2,0,1,4
BRDA:9,1,0,0
BRDA:9,1,1,4
BRF:4
BRH:2
end_of_record
TN:
SF:middleware\logger.js
FN:1,(anonymous_0)
FNF:1
FNH:1
FNDA:25,(anonymous_0)
DA:1,2
DA:2,25
DA:4,25
DA:7,2
LF:4
LH:4
BRF:0
BRH:0
end_of_record
TN:
SF:middleware\protect.js
FN:4,(anonymous_0)
FNF:1
FNH:1
FNDA:8,(anonymous_0)
DA:1,2
DA:2,2
DA:4,2
DA:7,8
DA:11,7
DA:12,7
DA:14,7
DA:15,7
DA:17,7
DA:19,7
DA:21,7
DA:23,0
DA:25,0
DA:27,0
DA:35,1
DA:37,1
DA:40,2
LF:17
LH:14
BRDA:7,0,0,7
BRDA:7,0,1,1
BRDA:8,1,0,8
BRDA:8,1,1,7
BRF:4
BRH:4
end_of_record
TN:
SF:middleware\upload.js
FN:4,(anonymous_0)
FN:8,(anonymous_1)
FNF:2
FNH:0
FNDA:0,(anonymous_0)
FNDA:0,(anonymous_1)
DA:1,2
DA:3,2
DA:5,0
DA:9,0
DA:13,2
DA:17,2
LF:6
LH:4
BRF:0
BRH:0
end_of_record
TN:
SF:middleware\validation.js
FN:3,(anonymous_0)
FNF:1
FNH:1
FNDA:6,(anonymous_0)
DA:1,2
DA:3,2
DA:4,6
DA:6,6
DA:7,3
DA:12,3
DA:15,2
LF:7
LH:7
BRDA:6,0,0,3
BRDA:6,0,1,3
BRF:2
BRH:2
end_of_record
TN:
SF:models\Category.js
FNF:0
FNH:0
DA:1,2
DA:3,2
DA:16,2
LF:3
LH:3
BRF:0
BRH:0
end_of_record
TN:
SF:models\Order.js
FNF:0
FNH:0
DA:1,2
DA:3,2
DA:38,2
LF:3
LH:3
BRF:0
BRH:0
end_of_record
TN:
SF:models\Product.js
FNF:0
FNH:0
DA:1,2
DA:3,2
DA:55,2
LF:3
LH:3
BRF:0
BRH:0
end_of_record
TN:
SF:models\Review.js
FNF:0
FNH:0
DA:1,2
DA:3,2
DA:34,2
LF:3
LH:3
BRF:0
BRH:0
end_of_record
TN:
SF:models\User.js
FNF:0
FNH:0
DA:1,2
DA:3,2
DA:30,2
LF:3
LH:3
BRF:0
BRH:0
end_of_record
TN:
SF:routes\adminRoutes.js
FNF:0
FNH:0
DA:1,2
DA:3,2
DA:5,2
DA:6,2
DA:8,2
DA:24,2
DA:26,2
LF:7
LH:7
BRF:0
BRH:0
end_of_record
TN:
SF:routes\authRoutes.js
FNF:0
FNH:0
DA:1,2
DA:2,2
DA:3,2
DA:4,2
DA:5,2
DA:7,2
DA:20,2
DA:47,2
DA:72,2
DA:88,2
DA:104,2
DA:126,2
DA:142,2
DA:156,2
DA:176,2
DA:190,2
DA:206,2
DA:208,2
LF:18
LH:18
BRF:0
BRH:0
end_of_record
TN:
SF:routes\categoryRoutes.js
FNF:0
FNH:0
DA:1,2
DA:2,2
DA:3,2
DA:4,2
DA:9,2
DA:11,2
DA:12,2
DA:14,2
LF:8
LH:8
BRF:0
BRH:0
end_of_record
TN:
SF:routes\orderRoutes.js
FNF:0
FNH:0
DA:1,2
DA:3,2
DA:5,2
DA:6,2
DA:14,2
DA:30,2
DA:46,2
DA:68,2
DA:69,2
DA:70,2
DA:72,2
LF:11
LH:11
BRF:0
BRH:0
end_of_record
TN:
SF:routes\products.js
FNF:0
FNH:0
DA:1,2
DA:2,2
DA:3,2
DA:4,2
DA:5,2
DA:6,2
DA:8,2
DA:21,2
DA:35,2
DA:57,2
DA:73,2
DA:102,2
DA:124,2
DA:126,2
DA:128,2
LF:15
LH:15
BRF:0
BRH:0
end_of_record
TN:
SF:routes\reviewRoutes.js
FNF:0
FNH:0
DA:1,2
DA:3,2
DA:5,2
DA:10,2
DA:32,2
DA:54,2
DA:56,2
LF:7
LH:7
BRF:0
BRH:0
end_of_record
TN:
SF:utils\asyncHandler.js
FN:1,(anonymous_0)
FN:2,(anonymous_1)
FNF:2
FNH:2
FNDA:48,(anonymous_0)
FNDA:21,(anonymous_1)
DA:1,2
DA:2,48
DA:3,21
DA:9,2
LF:4
LH:4
BRF:0
BRH:0
end_of_record
TN:
SF:validators\authValidation.js
FNF:0
FNH:0
DA:1,2
DA:3,2
DA:17,2
LF:3
LH:3
BRF:0
BRH:0
end_of_record
TN:
SF:validators\productValidation.js
FNF:0
FNH:0
DA:1,2
DA:3,2
DA:11,2
LF:3
LH:3
BRF:0
BRH:0
end_of_record
